<?xml version="1.0" encoding="UTF-8"?>
<testng-results ignored="0" total="3" passed="3" failed="0" skipped="0">
  <reporter-output>
  </reporter-output>
  <suite started-at="2024-02-17T11:18:14 CST" name="smoke" finished-at="2024-02-17T11:18:58 CST" duration-ms="44558">
    <groups>
    </groups>
    <test started-at="2024-02-17T11:18:14 CST" name="homepage" finished-at="2024-02-17T11:18:33 CST" duration-ms="19282">
      <class name="TestPack.TC01">
        <test-method is-config="true" signature="launchBrowser(java.lang.String)[pri:0, instance:TestPack.TC01@41fbdac4]" started-at="2024-02-17T11:18:14 CST" name="launchBrowser" finished-at="2024-02-17T11:18:26 CST" duration-ms="12818" status="PASS">
          <params>
            <param index="0">
              <value>
                <![CDATA[https://www.devlabsalliance.com/]]>
              </value>
            </param>
          </params>
          <reporter-output>
          </reporter-output>
        </test-method> <!-- launchBrowser -->
        <test-method signature="doDevlabsHoverMenuValid()[pri:0, instance:TestPack.TC01@41fbdac4]" started-at="2024-02-17T11:18:27 CST" name="doDevlabsHoverMenuValid" finished-at="2024-02-17T11:18:30 CST" duration-ms="3201" status="PASS">
          <reporter-output>
          </reporter-output>
        </test-method> <!-- doDevlabsHoverMenuValid -->
        <test-method signature="doDevlabsfooterValid()[pri:0, instance:TestPack.TC01@41fbdac4]" started-at="2024-02-17T11:18:30 CST" name="doDevlabsfooterValid" finished-at="2024-02-17T11:18:33 CST" duration-ms="3144" status="PASS">
          <reporter-output>
          </reporter-output>
        </test-method> <!-- doDevlabsfooterValid -->
        <test-method is-config="true" signature="closeBrowser()[pri:0, instance:TestPack.TC01@41fbdac4]" started-at="2024-02-17T11:18:33 CST" name="closeBrowser" finished-at="2024-02-17T11:18:33 CST" duration-ms="95" status="PASS">
          <reporter-output>
          </reporter-output>
        </test-method> <!-- closeBrowser -->
      </class> <!-- TestPack.TC01 -->
    </test> <!-- homepage -->
    <test started-at="2024-02-17T11:18:33 CST" name="login" finished-at="2024-02-17T11:18:58 CST" duration-ms="25243">
      <class name="TestPack.TCLogin">
        <test-method is-config="true" signature="launchBrowser(java.lang.String)[pri:0, instance:TestPack.TCLogin@6e20b53a]" started-at="2024-02-17T11:18:33 CST" name="launchBrowser" finished-at="2024-02-17T11:18:55 CST" duration-ms="22069" status="PASS">
          <params>
            <param index="0">
              <value>
                <![CDATA[https://www.devlabsalliance.com/]]>
              </value>
            </param>
          </params>
          <reporter-output>
          </reporter-output>
        </test-method> <!-- launchBrowser -->
        <test-method signature="doDevlabsHoverMenuValid()[pri:0, instance:TestPack.TCLogin@6e20b53a]" started-at="2024-02-17T11:18:55 CST" name="doDevlabsHoverMenuValid" finished-at="2024-02-17T11:18:58 CST" duration-ms="3095" status="PASS">
          <reporter-output>
          </reporter-output>
        </test-method> <!-- doDevlabsHoverMenuValid -->
        <test-method is-config="true" signature="closeBrowser()[pri:0, instance:TestPack.TCLogin@6e20b53a]" started-at="2024-02-17T11:18:58 CST" name="closeBrowser" finished-at="2024-02-17T11:18:58 CST" duration-ms="77" status="PASS">
          <reporter-output>
          </reporter-output>
        </test-method> <!-- closeBrowser -->
      </class> <!-- TestPack.TCLogin -->
    </test> <!-- login -->
  </suite> <!-- smoke -->
</testng-results>
