<?xml version="1.0" encoding="UTF-8"?>
<testsuite name="homepage"
           tests="2"
           failures="0"
           errors="0"
           skipped="0"
           time="16.435">
    <properties></properties>



            <testcase
                name="doDevlabsfooterValid"
                time="8.175"
                classname="TestPack.TC01">
            </testcase>
            <testcase
                name="doDevlabsHoverMenuValid"
                time="8.260"
                classname="TestPack.TC01">
            </testcase>
</testsuite>
