<?xml version="1.0" encoding="UTF-8"?>
<testsuite name="Regression1"
           tests="2"
           failures="0"
           errors="0"
           skipped="0"
           time="0.004">
    <properties></properties>



            <testcase
                name="tc08"
                time="0.004"
                classname="TestPack.tagEnd2End">
            </testcase>
            <testcase
                name="tc10"
                time="0.000"
                classname="TestPack.tagEnd2End">
            </testcase>
</testsuite>
